Processing galaxy_id: g1.08e11
Running Papermill for pipeline: calc_ifu with galaxy_id: g1.08e11 at telescope: MUSE_ultraWFM
Input Notebook:  fits_file_nihao_script.ipynb
Output Notebook: fits_file_nihao_script_executed.ipynb
Passed unknown parameter: galaxy_id
Passed unknown parameter: pipeline_name
Passed unknown parameter: telescope_name
Executing:   0%|          | 0/18 [00:00<?, ?cell/s]Executing notebook with kernel: python3
Executing:   6%|▌         | 1/18 [00:00<00:16,  1.02cell/s]Executing:  28%|██▊       | 5/18 [01:23<03:48, 17.61s/cell]Executing:  39%|███▉      | 7/18 [01:33<02:22, 12.93s/cell]Executing:  50%|█████     | 9/18 [02:24<02:36, 17.34s/cell]Executing:  61%|██████    | 11/18 [02:26<01:22, 11.84s/cell]Executing:  67%|██████▋   | 12/18 [02:26<00:58,  9.68s/cell]Executing:  72%|███████▏  | 13/18 [02:27<00:38,  7.63s/cell]Executing:  78%|███████▊  | 14/18 [02:27<00:23,  5.97s/cell]Executing:  83%|████████▎ | 15/18 [02:28<00:14,  4.72s/cell]Executing:  89%|████████▉ | 16/18 [02:28<00:07,  3.51s/cell]Executing:  94%|█████████▍| 17/18 [02:29<00:02,  2.71s/cell]Executing: 100%|██████████| 18/18 [02:30<00:00,  2.18s/cell]Executing: 100%|██████████| 18/18 [02:33<00:00,  8.52s/cell]
Processing galaxy_id: g1.37e11
Running Papermill for pipeline: calc_ifu with galaxy_id: g1.37e11 at telescope: MUSE_ultraWFM
Input Notebook:  fits_file_nihao_script.ipynb
Output Notebook: fits_file_nihao_script_executed.ipynb
Passed unknown parameter: galaxy_id
Passed unknown parameter: pipeline_name
Passed unknown parameter: telescope_name
Executing:   0%|          | 0/18 [00:00<?, ?cell/s]Executing notebook with kernel: python3
Executing:   6%|▌         | 1/18 [00:01<00:32,  1.89s/cell]Executing:  11%|█         | 2/18 [00:02<00:14,  1.13cell/s]Executing:  28%|██▊       | 5/18 [02:12<06:47, 31.32s/cell]Executing:  33%|███▎      | 6/18 [02:13<04:42, 23.56s/cell]Executing:  39%|███▉      | 7/18 [02:21<03:34, 19.48s/cell]Executing:  50%|█████     | 9/18 [03:11<03:17, 21.97s/cell]Executing:  56%|█████▌    | 10/18 [03:11<02:14, 16.84s/cell]Executing:  61%|██████    | 11/18 [03:14<01:33, 13.29s/cell]Executing:  67%|██████▋   | 12/18 [03:15<00:59,  9.87s/cell]Executing:  72%|███████▏  | 13/18 [03:16<00:37,  7.49s/cell]Executing:  78%|███████▊  | 14/18 [03:17<00:22,  5.61s/cell]Executing:  78%|███████▊  | 14/18 [03:21<00:57, 14.37s/cell]
Traceback (most recent call last):
  File "/home/annalena/.conda/envs/rubix/bin/papermill", line 8, in <module>
    sys.exit(papermill())
             ~~~~~~~~~^^
  File "/home/annalena/.conda/envs/rubix/lib/python3.13/site-packages/click/core.py", line 1161, in __call__
    return self.main(*args, **kwargs)
           ~~~~~~~~~^^^^^^^^^^^^^^^^^
  File "/home/annalena/.conda/envs/rubix/lib/python3.13/site-packages/click/core.py", line 1082, in main
    rv = self.invoke(ctx)
  File "/home/annalena/.conda/envs/rubix/lib/python3.13/site-packages/click/core.py", line 1443, in invoke
    return ctx.invoke(self.callback, **ctx.params)
           ~~~~~~~~~~^^^^^^^^^^^^^^^^^^^^^^^^^^^^^
  File "/home/annalena/.conda/envs/rubix/lib/python3.13/site-packages/click/core.py", line 788, in invoke
    return __callback(*args, **kwargs)
  File "/home/annalena/.conda/envs/rubix/lib/python3.13/site-packages/click/decorators.py", line 33, in new_func
    return f(get_current_context(), *args, **kwargs)
  File "/home/annalena/.conda/envs/rubix/lib/python3.13/site-packages/papermill/cli.py", line 235, in papermill
    execute_notebook(
    ~~~~~~~~~~~~~~~~^
        input_path=input_path,
        ^^^^^^^^^^^^^^^^^^^^^^
    ...<15 lines>...
        execution_timeout=execution_timeout,
        ^^^^^^^^^^^^^^^^^^^^^^^^^^^^^^^^^^^^
    )
    ^
  File "/home/annalena/.conda/envs/rubix/lib/python3.13/site-packages/papermill/execute.py", line 131, in execute_notebook
    raise_for_execution_errors(nb, output_path)
    ~~~~~~~~~~~~~~~~~~~~~~~~~~^^^^^^^^^^^^^^^^^
  File "/home/annalena/.conda/envs/rubix/lib/python3.13/site-packages/papermill/execute.py", line 251, in raise_for_execution_errors
    raise error
papermill.exceptions.PapermillExecutionError:
---------------------------------------------------------------------------
Exception encountered at "In [11]":
---------------------------------------------------------------------------
ValueError                                Traceback (most recent call last)
Cell In[11], line 21
     19 grid_size = int(np.sqrt(n_pixels))
     20 if grid_size * grid_size != n_pixels:
---> 21     raise ValueError("The total number of pixels is not a perfect square; please specify the grid shape explicitly.")
     23 # Reshape the mean_velocity into a 2D array for imshow
     24 velocity_map = mean_velocity.reshape((grid_size, grid_size))

ValueError: The total number of pixels is not a perfect square; please specify the grid shape explicitly.

Processing galaxy_id: g1.52e11
Running Papermill for pipeline: calc_ifu with galaxy_id: g1.52e11 at telescope: MUSE_ultraWFM
Input Notebook:  fits_file_nihao_script.ipynb
Output Notebook: fits_file_nihao_script_executed.ipynb
Passed unknown parameter: galaxy_id
Passed unknown parameter: pipeline_name
Passed unknown parameter: telescope_name
Executing:   0%|          | 0/18 [00:00<?, ?cell/s]Executing notebook with kernel: python3
Executing:   6%|▌         | 1/18 [00:39<11:03, 39.00s/cell]Executing:  11%|█         | 2/18 [00:39<04:19, 16.24s/cell]Executing:  17%|█▋        | 3/18 [00:39<02:15,  9.06s/cell]Executing:  22%|██▏       | 4/18 [00:40<01:20,  5.77s/cell]Executing:  28%|██▊       | 5/18 [03:22<13:25, 61.97s/cell]Executing:  39%|███▉      | 7/18 [03:36<06:16, 34.25s/cell]Executing:  50%|█████     | 9/18 [04:08<03:58, 26.53s/cell]Executing:  61%|██████    | 11/18 [04:10<01:58, 16.89s/cell]Executing:  67%|██████▋   | 12/18 [04:11<01:21, 13.53s/cell]Executing:  72%|███████▏  | 13/18 [04:12<00:53, 10.75s/cell]Executing:  78%|███████▊  | 14/18 [04:14<00:33,  8.44s/cell]Executing:  83%|████████▎ | 15/18 [04:15<00:19,  6.48s/cell]Executing:  94%|█████████▍| 17/18 [04:16<00:03,  3.87s/cell]Executing: 100%|██████████| 18/18 [04:16<00:00,  3.00s/cell]Executing: 100%|██████████| 18/18 [04:21<00:00, 14.55s/cell]
Processing galaxy_id: g1.59e11
Running Papermill for pipeline: calc_ifu with galaxy_id: g1.59e11 at telescope: MUSE_ultraWFM
Input Notebook:  fits_file_nihao_script.ipynb
Output Notebook: fits_file_nihao_script_executed.ipynb
Passed unknown parameter: galaxy_id
Passed unknown parameter: pipeline_name
Passed unknown parameter: telescope_name
Executing:   0%|          | 0/18 [00:00<?, ?cell/s]Executing notebook with kernel: python3
Executing:   6%|▌         | 1/18 [00:01<00:27,  1.62s/cell]Executing:  11%|█         | 2/18 [00:01<00:11,  1.34cell/s]Executing:  28%|██▊       | 5/18 [01:42<05:15, 24.28s/cell]Executing:  39%|███▉      | 7/18 [01:52<03:01, 16.50s/cell]Executing:  50%|█████     | 9/18 [02:55<03:16, 21.86s/cell]Executing:  61%|██████    | 11/18 [02:55<01:41, 14.49s/cell]Executing:  67%|██████▋   | 12/18 [02:56<01:10, 11.78s/cell]Executing:  72%|███████▏  | 13/18 [02:56<00:46,  9.24s/cell]Executing:  78%|███████▊  | 14/18 [02:57<00:28,  7.16s/cell]Executing:  83%|████████▎ | 15/18 [02:57<00:16,  5.46s/cell]Executing:  94%|█████████▍| 17/18 [02:58<00:03,  3.40s/cell]Executing: 100%|██████████| 18/18 [03:02<00:00, 10.16s/cell]
Processing galaxy_id: g2.41e11
Running Papermill for pipeline: calc_ifu with galaxy_id: g2.41e11 at telescope: MUSE_ultraWFM
Input Notebook:  fits_file_nihao_script.ipynb
Output Notebook: fits_file_nihao_script_executed.ipynb
Passed unknown parameter: galaxy_id
Passed unknown parameter: pipeline_name
Passed unknown parameter: telescope_name
Executing:   0%|          | 0/18 [00:00<?, ?cell/s]Executing notebook with kernel: python3
Executing:   6%|▌         | 1/18 [00:03<00:53,  3.12s/cell]Executing:  11%|█         | 2/18 [00:03<00:26,  1.65s/cell]Executing:  17%|█▋        | 3/18 [00:03<00:14,  1.04cell/s]Executing:  22%|██▏       | 4/18 [00:05<00:15,  1.11s/cell]Executing:  28%|██▊       | 5/18 [03:21<15:29, 71.50s/cell]Executing:  33%|███▎      | 6/18 [03:21<09:26, 47.23s/cell]Executing:  39%|███▉      | 7/18 [03:33<06:32, 35.66s/cell]Executing:  44%|████▍     | 8/18 [03:34<04:05, 24.51s/cell]Executing:  50%|█████     | 9/18 [04:00<03:47, 25.24s/cell]Executing:  61%|██████    | 11/18 [04:01<01:34, 13.53s/cell]Executing:  67%|██████▋   | 12/18 [04:02<01:01, 10.31s/cell]Executing:  72%|███████▏  | 13/18 [04:04<00:39,  7.97s/cell]Executing:  78%|███████▊  | 14/18 [04:04<00:24,  6.03s/cell]Executing:  83%|████████▎ | 15/18 [04:05<00:13,  4.51s/cell]Executing:  89%|████████▉ | 16/18 [04:06<00:07,  3.51s/cell]Executing:  94%|█████████▍| 17/18 [04:07<00:02,  2.86s/cell]Executing: 100%|██████████| 18/18 [04:09<00:00,  2.49s/cell]Executing: 100%|██████████| 18/18 [04:14<00:00, 14.13s/cell]
Processing galaxy_id: g.2.42e11
Running Papermill for pipeline: calc_ifu with galaxy_id: g.2.42e11 at telescope: MUSE_ultraWFM
Input Notebook:  fits_file_nihao_script.ipynb
Output Notebook: fits_file_nihao_script_executed.ipynb
Passed unknown parameter: galaxy_id
Passed unknown parameter: pipeline_name
Passed unknown parameter: telescope_name
Executing:   0%|          | 0/18 [00:00<?, ?cell/s]Executing notebook with kernel: python3
Executing:   6%|▌         | 1/18 [00:02<00:36,  2.15s/cell]Executing:  11%|█         | 2/18 [00:02<00:21,  1.33s/cell]Executing:  17%|█▋        | 3/18 [00:03<00:16,  1.07s/cell]Executing:  28%|██▊       | 5/18 [00:11<00:34,  2.63s/cell]Executing:  28%|██▊       | 5/18 [00:14<00:38,  2.94s/cell]
Traceback (most recent call last):
  File "/home/annalena/.conda/envs/rubix/bin/papermill", line 8, in <module>
    sys.exit(papermill())
             ~~~~~~~~~^^
  File "/home/annalena/.conda/envs/rubix/lib/python3.13/site-packages/click/core.py", line 1161, in __call__
    return self.main(*args, **kwargs)
           ~~~~~~~~~^^^^^^^^^^^^^^^^^
  File "/home/annalena/.conda/envs/rubix/lib/python3.13/site-packages/click/core.py", line 1082, in main
    rv = self.invoke(ctx)
  File "/home/annalena/.conda/envs/rubix/lib/python3.13/site-packages/click/core.py", line 1443, in invoke
    return ctx.invoke(self.callback, **ctx.params)
           ~~~~~~~~~~^^^^^^^^^^^^^^^^^^^^^^^^^^^^^
  File "/home/annalena/.conda/envs/rubix/lib/python3.13/site-packages/click/core.py", line 788, in invoke
    return __callback(*args, **kwargs)
  File "/home/annalena/.conda/envs/rubix/lib/python3.13/site-packages/click/decorators.py", line 33, in new_func
    return f(get_current_context(), *args, **kwargs)
  File "/home/annalena/.conda/envs/rubix/lib/python3.13/site-packages/papermill/cli.py", line 235, in papermill
    execute_notebook(
    ~~~~~~~~~~~~~~~~^
        input_path=input_path,
        ^^^^^^^^^^^^^^^^^^^^^^
    ...<15 lines>...
        execution_timeout=execution_timeout,
        ^^^^^^^^^^^^^^^^^^^^^^^^^^^^^^^^^^^^
    )
    ^
  File "/home/annalena/.conda/envs/rubix/lib/python3.13/site-packages/papermill/execute.py", line 131, in execute_notebook
    raise_for_execution_errors(nb, output_path)
    ~~~~~~~~~~~~~~~~~~~~~~~~~~^^^^^^^^^^^^^^^^^
  File "/home/annalena/.conda/envs/rubix/lib/python3.13/site-packages/papermill/execute.py", line 251, in raise_for_execution_errors
    raise error
papermill.exceptions.PapermillExecutionError:
---------------------------------------------------------------------------
Exception encountered at "In [4]":
---------------------------------------------------------------------------
OSError                                   Traceback (most recent call last)
Cell In[4], line 47
      7 config_illustris = {
      8     "pipeline": {"name": pipeline_name},
      9     "logger": {"log_level": "DEBUG", "log_file_path": None, "format": "%(asctime)s - %(name)s - %(levelname)s - %(message)s"},
   (...)
     43     },
     44 }
     46 # Run pipeline
---> 47 pipe = RubixPipeline(config_illustris)
     48 data = pipe.run()

File ~/rubix/rubix/core/pipeline.py:59, in RubixPipeline.__init__(self, user_config)
     57 self.ssp = get_ssp(self.user_config)
     58 self.telescope = get_telescope(self.user_config)
---> 59 self.data = self._prepare_data()
     60 self.func = None

File ~/rubix/rubix/core/pipeline.py:72, in RubixPipeline._prepare_data(self)
     70 # Get the data
     71 self.logger.info("Getting rubix data...")
---> 72 rubixdata = get_rubix_data(self.user_config)
     73 star_count = (
     74     len(rubixdata.stars.coords) if rubixdata.stars.coords is not None else 0
     75 )
     76 gas_count = len(rubixdata.gas.coords) if rubixdata.gas.coords is not None else 0

    [... skipping hidden 2 frame]

File ~/rubix/rubix/core/data.py:619, in get_rubix_data(config)
    606 @jaxtyped(typechecker=typechecker)
    607 def get_rubix_data(config: Union[dict, str]) -> RubixData:
    608     """
    609     Returns the Rubix data
    610
   (...)
    617         The RubixData object containing the galaxy, stars, and gas data.
    618     """
--> 619     convert_to_rubix(config)
    620     return prepare_input(config)

    [... skipping hidden 2 frame]

File ~/rubix/rubix/core/data.py:438, in convert_to_rubix(config)
    436         # Load the saved data into the input handler
    437 logger.info("Loading data into input handler")
--> 438 input_handler = get_input_handler(config, logger=logger)
    439 input_handler.to_rubix(output_path=config["output_path"])
    441 print("Converted to Rubix format!")

    [... skipping hidden 2 frame]

File ~/rubix/rubix/galaxy/input_handler/factory.py:31, in get_input_handler(config, logger)
     29     if "galaxy" in config and "dist_z" in config["galaxy"]:
     30         simulation_args["dist_z"] = config["galaxy"]["dist_z"]
---> 31     return PynbodyHandler(**simulation_args, logger=logger)
     32 else:
     33     raise ValueError(f"Simulation {config['simulation']} is not supported")

File ~/rubix/rubix/galaxy/input_handler/pynbody.py:29, in PynbodyHandler.__init__(self, path, halo_path, logger, config, dist_z, halo_id)
     27 self.dist_z = dist_z
     28 self.logger.info(f"Galaxy redshift (dist_z) set to: {self.dist_z}")
---> 29 self.load_data()

File ~/rubix/rubix/galaxy/input_handler/pynbody.py:70, in PynbodyHandler.load_data(self)
     68 def load_data(self):
     69     """Load data from snapshot and halo file (if available)."""
---> 70     self.sim = pynbody.load(self.path)
     71     self.sim.physical_units()
     73     self.logger.info(f"Simulation snapshot loaded from halo {self.halo_id}")

File ~/.conda/envs/rubix/lib/python3.13/site-packages/pynbody/snapshot/__init__.py:49, in load(filename, *args, **kwargs)
     46         logger.info("Loading using backend %s" % str(c))
     47         return c(filename, *args, **kwargs)
---> 49 raise OSError(
     50     "File %r: format not understood or does not exist" % filename)

OSError: File PosixPath('/mnt/storage/_data/nihao/nihao_classic/g.2.42e11/g.2.42e11.01024'): format not understood or does not exist

Processing galaxy_id: g2.57e11
Running Papermill for pipeline: calc_ifu with galaxy_id: g2.57e11 at telescope: MUSE_ultraWFM
Input Notebook:  fits_file_nihao_script.ipynb
Output Notebook: fits_file_nihao_script_executed.ipynb
Passed unknown parameter: galaxy_id
Passed unknown parameter: pipeline_name
Passed unknown parameter: telescope_name
Executing:   0%|          | 0/18 [00:00<?, ?cell/s]Executing notebook with kernel: python3
Executing:   6%|▌         | 1/18 [00:03<00:59,  3.51s/cell]Executing:  17%|█▋        | 3/18 [00:04<00:17,  1.16s/cell]Executing:  28%|██▊       | 5/18 [06:23<21:15, 98.11s/cell]Executing:  39%|███▉      | 7/18 [06:43<11:08, 60.74s/cell]Executing:  50%|█████     | 9/18 [07:17<06:38, 44.31s/cell]Executing:  56%|█████▌    | 10/18 [07:19<04:41, 35.23s/cell]Executing:  61%|██████    | 11/18 [07:21<03:13, 27.58s/cell]Executing:  67%|██████▋   | 12/18 [07:21<02:04, 20.75s/cell]Executing:  72%|███████▏  | 13/18 [07:22<01:18, 15.63s/cell]Executing:  78%|███████▊  | 14/18 [07:23<00:45, 11.48s/cell]Executing:  83%|████████▎ | 15/18 [07:25<00:26,  8.78s/cell]Executing:  89%|████████▉ | 16/18 [07:25<00:12,  6.44s/cell]Executing:  94%|█████████▍| 17/18 [07:26<00:04,  4.84s/cell]Executing: 100%|██████████| 18/18 [07:26<00:00,  3.47s/cell]Executing: 100%|██████████| 18/18 [07:34<00:00, 25.26s/cell]
Processing galaxy_id: g3.06e11
Running Papermill for pipeline: calc_ifu with galaxy_id: g3.06e11 at telescope: MUSE_ultraWFM
Input Notebook:  fits_file_nihao_script.ipynb
Output Notebook: fits_file_nihao_script_executed.ipynb
Passed unknown parameter: galaxy_id
Passed unknown parameter: pipeline_name
Passed unknown parameter: telescope_name
Executing:   0%|          | 0/18 [00:00<?, ?cell/s]Executing notebook with kernel: python3
Executing:   6%|▌         | 1/18 [00:58<16:26, 58.00s/cell]Executing:  11%|█         | 2/18 [00:58<06:23, 23.96s/cell]Executing:  28%|██▊       | 5/18 [06:40<19:11, 88.55s/cell]Executing:  39%|███▉      | 7/18 [06:55<10:12, 55.69s/cell]Executing:  50%|█████     | 9/18 [07:30<06:15, 41.67s/cell]Executing:  61%|██████    | 11/18 [07:33<03:15, 27.89s/cell]Executing:  67%|██████▋   | 12/18 [07:34<02:15, 22.51s/cell]Executing:  72%|███████▏  | 13/18 [07:35<01:29, 17.91s/cell]Executing:  78%|███████▊  | 14/18 [07:36<00:55, 13.79s/cell]Executing:  83%|████████▎ | 15/18 [07:38<00:32, 10.70s/cell]Executing:  94%|█████████▍| 17/18 [07:38<00:06,  6.32s/cell]Executing: 100%|██████████| 18/18 [07:38<00:00,  4.89s/cell]Executing: 100%|██████████| 18/18 [07:44<00:00, 25.81s/cell]
Processing galaxy_id: g3.49e11
Running Papermill for pipeline: calc_ifu with galaxy_id: g3.49e11 at telescope: MUSE_ultraWFM
Input Notebook:  fits_file_nihao_script.ipynb
Output Notebook: fits_file_nihao_script_executed.ipynb
Passed unknown parameter: galaxy_id
Passed unknown parameter: pipeline_name
Passed unknown parameter: telescope_name
Executing:   0%|          | 0/18 [00:00<?, ?cell/s]Executing notebook with kernel: python3
Executing:   6%|▌         | 1/18 [00:30<08:42, 30.76s/cell]Executing:  11%|█         | 2/18 [00:30<03:23, 12.74s/cell]Executing:  17%|█▋        | 3/18 [00:31<01:48,  7.20s/cell]Executing:  22%|██▏       | 4/18 [00:31<01:01,  4.42s/cell]Executing:  28%|██▊       | 5/18 [04:43<20:18, 93.75s/cell]Executing:  39%|███▉      | 7/18 [04:54<08:57, 48.84s/cell]Executing:  50%|█████     | 9/18 [05:32<05:26, 36.30s/cell]Executing:  56%|█████▌    | 10/18 [05:34<03:47, 28.44s/cell]Executing:  61%|██████    | 11/18 [05:36<02:33, 21.91s/cell]Executing:  67%|██████▋   | 12/18 [05:37<01:38, 16.39s/cell]Executing:  72%|███████▏  | 13/18 [05:38<01:01, 12.32s/cell]Executing:  78%|███████▊  | 14/18 [05:39<00:36,  9.04s/cell]Executing:  83%|████████▎ | 15/18 [05:40<00:20,  6.71s/cell]Executing:  94%|█████████▍| 17/18 [05:40<00:03,  3.80s/cell]Executing: 100%|██████████| 18/18 [05:41<00:00,  3.11s/cell]Executing: 100%|██████████| 18/18 [05:45<00:00, 19.20s/cell]
Processing galaxy_id: g3.61e11
Running Papermill for pipeline: calc_ifu with galaxy_id: g3.61e11 at telescope: MUSE_ultraWFM
Input Notebook:  fits_file_nihao_script.ipynb
Output Notebook: fits_file_nihao_script_executed.ipynb
Passed unknown parameter: galaxy_id
Passed unknown parameter: pipeline_name
Passed unknown parameter: telescope_name
Executing:   0%|          | 0/18 [00:00<?, ?cell/s]Executing notebook with kernel: python3
Executing:   6%|▌         | 1/18 [00:01<00:30,  1.81s/cell]Executing:  17%|█▋        | 3/18 [00:02<00:10,  1.45cell/s]Executing:  22%|██▏       | 4/18 [00:02<00:06,  2.04cell/s]Executing:  28%|██▊       | 5/18 [1:09:21<4:58:10, 1376.23s/cell]Executing:  33%|███▎      | 6/18 [1:09:22<3:06:55, 934.65s/cell] Executing:  39%|███▉      | 7/18 [1:10:11<2:00:18, 656.25s/cell]Executing:  50%|█████     | 9/18 [1:11:26<54:31, 363.48s/cell]  Executing:  56%|█████▌    | 10/18 [1:11:26<36:13, 271.72s/cell]Executing:  61%|██████    | 11/18 [1:11:56<24:12, 207.57s/cell]Executing:  67%|██████▋   | 12/18 [1:11:57<15:06, 151.02s/cell]Executing:  72%|███████▏  | 13/18 [1:11:59<09:05, 109.04s/cell]Executing:  78%|███████▊  | 14/18 [1:12:05<05:17, 79.41s/cell] Executing:  83%|████████▎ | 15/18 [1:12:40<03:18, 66.33s/cell]Executing:  89%|████████▉ | 16/18 [1:12:40<01:34, 47.06s/cell]Executing:  94%|█████████▍| 17/18 [1:12:41<00:33, 33.45s/cell]Executing: 100%|██████████| 18/18 [1:12:42<00:00, 23.74s/cell]Wait for final termination of kernel timed out - continuing...
Executing: 100%|██████████| 18/18 [1:12:55<00:00, 243.11s/cell]
Processing galaxy_id: g4.90e11
Running Papermill for pipeline: calc_ifu with galaxy_id: g4.90e11 at telescope: MUSE_ultraWFM
Input Notebook:  fits_file_nihao_script.ipynb
Output Notebook: fits_file_nihao_script_executed.ipynb
Passed unknown parameter: galaxy_id
Passed unknown parameter: pipeline_name
Passed unknown parameter: telescope_name
Executing:   0%|          | 0/18 [00:00<?, ?cell/s]Executing notebook with kernel: python3
Executing:   6%|▌         | 1/18 [01:27<24:53, 87.85s/cell]Executing:  11%|█         | 2/18 [01:28<09:40, 36.27s/cell]Executing:  17%|█▋        | 3/18 [01:28<04:59, 19.99s/cell]Executing:  28%|██▊       | 5/18 [05:04<15:07, 69.77s/cell]Executing:  39%|███▉      | 7/18 [05:14<07:30, 40.93s/cell]Executing:  50%|█████     | 9/18 [05:40<04:28, 29.86s/cell]Executing:  56%|█████▌    | 10/18 [05:41<03:09, 23.71s/cell]Executing:  61%|██████    | 11/18 [05:42<02:08, 18.39s/cell]Executing:  67%|██████▋   | 12/18 [05:43<01:23, 13.93s/cell]Executing:  72%|███████▏  | 13/18 [05:45<00:53, 10.64s/cell]Executing:  78%|███████▊  | 14/18 [05:45<00:31,  7.82s/cell]Executing:  83%|████████▎ | 15/18 [05:48<00:18,  6.27s/cell]Executing:  89%|████████▉ | 16/18 [05:48<00:09,  4.60s/cell]Executing:  94%|█████████▍| 17/18 [05:49<00:03,  3.42s/cell]Executing: 100%|██████████| 18/18 [05:49<00:00,  2.45s/cell]Executing: 100%|██████████| 18/18 [05:53<00:00, 19.62s/cell]
Processing galaxy_id: g5.02e11
Running Papermill for pipeline: calc_ifu with galaxy_id: g5.02e11 at telescope: MUSE_ultraWFM
Input Notebook:  fits_file_nihao_script.ipynb
Output Notebook: fits_file_nihao_script_executed.ipynb
Passed unknown parameter: galaxy_id
Passed unknown parameter: pipeline_name
Passed unknown parameter: telescope_name
Executing:   0%|          | 0/18 [00:00<?, ?cell/s]Executing notebook with kernel: python3
Executing:   6%|▌         | 1/18 [00:01<00:21,  1.26s/cell]Executing:  17%|█▋        | 3/18 [00:01<00:08,  1.81cell/s]Executing:  28%|██▊       | 5/18 [07:31<25:05, 115.81s/cell]Executing:  39%|███▉      | 7/18 [07:58<13:16, 72.43s/cell] Executing:  50%|█████     | 9/18 [08:27<07:35, 50.66s/cell]Executing:  56%|█████▌    | 10/18 [08:29<05:22, 40.27s/cell]Executing:  61%|██████    | 11/18 [08:30<03:38, 31.22s/cell]Executing:  67%|██████▋   | 12/18 [08:31<02:22, 23.80s/cell]Executing:  72%|███████▏  | 13/18 [08:32<01:28, 17.74s/cell]Executing:  78%|███████▊  | 14/18 [08:33<00:52, 13.11s/cell]Executing:  83%|████████▎ | 15/18 [08:34<00:28,  9.64s/cell]Executing:  89%|████████▉ | 16/18 [08:34<00:13,  6.91s/cell]Executing:  94%|█████████▍| 17/18 [08:34<00:05,  5.10s/cell]Executing: 100%|██████████| 18/18 [08:36<00:00,  4.04s/cell]Executing: 100%|██████████| 18/18 [08:44<00:00, 29.14s/cell]
Processing galaxy_id: g5.31e11
Running Papermill for pipeline: calc_ifu with galaxy_id: g5.31e11 at telescope: MUSE_ultraWFM
Input Notebook:  fits_file_nihao_script.ipynb
Output Notebook: fits_file_nihao_script_executed.ipynb
Passed unknown parameter: galaxy_id
Passed unknown parameter: pipeline_name
Passed unknown parameter: telescope_name
Executing:   0%|          | 0/18 [00:00<?, ?cell/s]Executing notebook with kernel: python3
Executing:   6%|▌         | 1/18 [00:01<00:21,  1.25s/cell]Executing:  28%|██▊       | 5/18 [03:03<08:26, 38.94s/cell]Executing:  33%|███▎      | 6/18 [03:04<06:00, 30.05s/cell]Executing:  39%|███▉      | 7/18 [03:14<04:35, 25.08s/cell]Executing:  44%|████▍     | 8/18 [03:14<03:05, 18.52s/cell]Executing:  50%|█████     | 9/18 [03:59<03:51, 25.71s/cell]Executing:  61%|██████    | 11/18 [04:01<01:43, 14.83s/cell]Executing:  67%|██████▋   | 12/18 [04:01<01:07, 11.33s/cell]Executing:  72%|███████▏  | 13/18 [04:01<00:42,  8.49s/cell]Executing:  78%|███████▊  | 14/18 [04:03<00:26,  6.68s/cell]Executing:  83%|████████▎ | 15/18 [04:03<00:14,  4.95s/cell]Executing:  94%|█████████▍| 17/18 [04:03<00:02,  2.87s/cell]Executing: 100%|██████████| 18/18 [04:09<00:00, 13.88s/cell]
Processing galaxy_id: g5.38e11
Running Papermill for pipeline: calc_ifu with galaxy_id: g5.38e11 at telescope: MUSE_ultraWFM
Input Notebook:  fits_file_nihao_script.ipynb
Output Notebook: fits_file_nihao_script_executed.ipynb
Passed unknown parameter: galaxy_id
Passed unknown parameter: pipeline_name
Passed unknown parameter: telescope_name
Executing:   0%|          | 0/18 [00:00<?, ?cell/s]Executing notebook with kernel: python3
Executing:   6%|▌         | 1/18 [00:01<00:24,  1.46s/cell]Executing:  11%|█         | 2/18 [00:01<00:12,  1.25cell/s]Executing:  17%|█▋        | 3/18 [00:01<00:07,  2.05cell/s]Executing:  28%|██▊       | 5/18 [03:13<11:48, 54.47s/cell]Executing:  33%|███▎      | 6/18 [03:14<07:47, 38.98s/cell]Executing:  39%|███▉      | 7/18 [03:21<05:25, 29.59s/cell]Executing:  44%|████▍     | 8/18 [03:22<03:31, 21.19s/cell]Executing:  50%|█████     | 9/18 [04:10<04:23, 29.30s/cell]Executing:  61%|██████    | 11/18 [04:13<01:56, 16.64s/cell]Executing:  67%|██████▋   | 12/18 [04:14<01:15, 12.58s/cell]Executing:  72%|███████▏  | 13/18 [04:14<00:46,  9.36s/cell]Executing:  78%|███████▊  | 14/18 [04:14<00:27,  6.92s/cell]Executing:  83%|████████▎ | 15/18 [04:16<00:16,  5.41s/cell]Executing:  94%|█████████▍| 17/18 [04:16<00:03,  3.10s/cell]Executing: 100%|██████████| 18/18 [04:22<00:00, 14.59s/cell]
Processing galaxy_id: g5.46e11
Running Papermill for pipeline: calc_ifu with galaxy_id: g5.46e11 at telescope: MUSE_ultraWFM
Input Notebook:  fits_file_nihao_script.ipynb
Output Notebook: fits_file_nihao_script_executed.ipynb
Passed unknown parameter: galaxy_id
Passed unknown parameter: pipeline_name
Passed unknown parameter: telescope_name
Executing:   0%|          | 0/18 [00:00<?, ?cell/s]Executing notebook with kernel: python3
Executing:   6%|▌         | 1/18 [00:09<02:38,  9.34s/cell]Executing:  17%|█▋        | 3/18 [00:09<00:37,  2.48s/cell]Executing:  28%|██▊       | 5/18 [04:09<13:38, 62.96s/cell]Executing:  39%|███▉      | 7/18 [04:19<07:01, 38.32s/cell]Executing:  50%|█████     | 9/18 [04:45<04:20, 28.91s/cell]Executing:  61%|██████    | 11/18 [04:46<02:12, 18.93s/cell]Executing:  67%|██████▋   | 12/18 [04:47<01:31, 15.28s/cell]Executing:  72%|███████▏  | 13/18 [04:47<00:59, 11.94s/cell]Executing:  78%|███████▊  | 14/18 [04:48<00:37,  9.36s/cell]Executing:  83%|████████▎ | 15/18 [04:49<00:21,  7.23s/cell]Executing:  94%|█████████▍| 17/18 [04:50<00:04,  4.36s/cell]Executing: 100%|██████████| 18/18 [04:51<00:00,  3.38s/cell]Executing: 100%|██████████| 18/18 [04:56<00:00, 16.47s/cell]
Processing galaxy_id: g5.55e11
Running Papermill for pipeline: calc_ifu with galaxy_id: g5.55e11 at telescope: MUSE_ultraWFM
Input Notebook:  fits_file_nihao_script.ipynb
Output Notebook: fits_file_nihao_script_executed.ipynb
Passed unknown parameter: galaxy_id
Passed unknown parameter: pipeline_name
Passed unknown parameter: telescope_name
Executing:   0%|          | 0/18 [00:00<?, ?cell/s]Executing notebook with kernel: python3
Executing:   6%|▌         | 1/18 [00:01<00:30,  1.79s/cell]Executing:  11%|█         | 2/18 [00:02<00:19,  1.24s/cell]Executing:  22%|██▏       | 4/18 [00:04<00:12,  1.09cell/s]Executing:  28%|██▊       | 5/18 [08:19<33:20, 153.87s/cell]Executing:  39%|███▉      | 7/18 [08:48<16:12, 88.45s/cell] Executing:  50%|█████     | 9/18 [09:20<08:54, 59.37s/cell]Executing:  56%|█████▌    | 10/18 [09:20<06:09, 46.18s/cell]Executing:  61%|██████    | 11/18 [09:24<04:12, 36.11s/cell]Executing:  67%|██████▋   | 12/18 [09:25<02:41, 26.90s/cell]Executing:  72%|███████▏  | 13/18 [09:26<01:40, 20.00s/cell]Executing:  78%|███████▊  | 14/18 [09:27<00:58, 14.67s/cell]Executing:  83%|████████▎ | 15/18 [09:27<00:32, 10.72s/cell]Executing:  89%|████████▉ | 16/18 [09:27<00:15,  7.67s/cell]Executing:  94%|█████████▍| 17/18 [09:29<00:05,  5.93s/cell]Executing: 100%|██████████| 18/18 [09:30<00:00,  4.40s/cell]Executing: 100%|██████████| 18/18 [09:40<00:00, 32.28s/cell]
Processing galaxy_id: g6.96e11
Running Papermill for pipeline: calc_ifu with galaxy_id: g6.96e11 at telescope: MUSE_ultraWFM
Input Notebook:  fits_file_nihao_script.ipynb
Output Notebook: fits_file_nihao_script_executed.ipynb
Passed unknown parameter: galaxy_id
Passed unknown parameter: pipeline_name
Passed unknown parameter: telescope_name
Executing:   0%|          | 0/18 [00:00<?, ?cell/s]Executing notebook with kernel: python3
Executing:   6%|▌         | 1/18 [01:16<21:48, 76.98s/cell]Executing:  11%|█         | 2/18 [01:17<08:28, 31.78s/cell]Executing:  28%|██▊       | 5/18 [05:59<16:33, 76.41s/cell]Executing:  39%|███▉      | 7/18 [06:09<08:41, 47.40s/cell]Executing:  50%|█████     | 9/18 [06:52<05:41, 37.92s/cell]Executing:  56%|█████▌    | 10/18 [06:53<04:01, 30.21s/cell]Executing:  61%|██████    | 11/18 [06:56<02:47, 24.00s/cell]Executing:  67%|██████▋   | 12/18 [06:56<01:49, 18.25s/cell]Executing:  72%|███████▏  | 13/18 [06:57<01:08, 13.69s/cell]Executing:  78%|███████▊  | 14/18 [06:58<00:40, 10.19s/cell]Executing:  83%|████████▎ | 15/18 [06:59<00:22,  7.55s/cell]Executing:  89%|████████▉ | 16/18 [07:00<00:11,  5.84s/cell]Executing:  94%|█████████▍| 17/18 [07:02<00:04,  4.57s/cell]Executing: 100%|██████████| 18/18 [07:02<00:00,  3.49s/cell]Executing: 100%|██████████| 18/18 [07:08<00:00, 23.80s/cell]
Processing galaxy_id: g7.55e11
Running Papermill for pipeline: calc_ifu with galaxy_id: g7.55e11 at telescope: MUSE_ultraWFM
Input Notebook:  fits_file_nihao_script.ipynb
Output Notebook: fits_file_nihao_script_executed.ipynb
Passed unknown parameter: galaxy_id
Passed unknown parameter: pipeline_name
Passed unknown parameter: telescope_name
Executing:   0%|          | 0/18 [00:00<?, ?cell/s]Executing notebook with kernel: python3
Executing:   6%|▌         | 1/18 [00:03<01:01,  3.61s/cell]Executing:  28%|██▊       | 5/18 [03:18<09:05, 41.96s/cell]Executing:  33%|███▎      | 6/18 [03:19<06:28, 32.35s/cell]Executing:  39%|███▉      | 7/18 [03:29<04:55, 26.87s/cell]Executing:  50%|█████     | 9/18 [04:31<04:16, 28.52s/cell]Executing:  56%|█████▌    | 10/18 [04:31<02:56, 22.12s/cell]Executing:  61%|██████    | 11/18 [04:33<01:59, 17.08s/cell]Executing:  67%|██████▋   | 12/18 [04:33<01:16, 12.77s/cell]Executing:  72%|███████▏  | 13/18 [04:34<00:46,  9.36s/cell]Executing:  78%|███████▊  | 14/18 [04:35<00:28,  7.11s/cell]Executing:  83%|████████▎ | 15/18 [04:37<00:16,  5.53s/cell]Executing:  94%|█████████▍| 17/18 [04:37<00:03,  3.20s/cell]Executing: 100%|██████████| 18/18 [04:38<00:00,  2.62s/cell]Executing: 100%|██████████| 18/18 [04:42<00:00, 15.72s/cell]
Processing galaxy_id: g7.66e11
Running Papermill for pipeline: calc_ifu with galaxy_id: g7.66e11 at telescope: MUSE_ultraWFM
Input Notebook:  fits_file_nihao_script.ipynb
Output Notebook: fits_file_nihao_script_executed.ipynb
Passed unknown parameter: galaxy_id
Passed unknown parameter: pipeline_name
Passed unknown parameter: telescope_name
Executing:   0%|          | 0/18 [00:00<?, ?cell/s]Executing notebook with kernel: python3
Executing:   6%|▌         | 1/18 [00:02<00:40,  2.38s/cell]Executing:  17%|█▋        | 3/18 [00:03<00:13,  1.15cell/s]Executing:  28%|██▊       | 5/18 [03:47<12:35, 58.13s/cell]Executing:  33%|███▎      | 6/18 [03:48<08:31, 42.65s/cell]Executing:  39%|███▉      | 7/18 [04:01<06:18, 34.43s/cell]Executing:  50%|█████     | 9/18 [05:07<05:04, 33.81s/cell]Executing:  56%|█████▌    | 10/18 [05:09<03:29, 26.22s/cell]Executing:  61%|██████    | 11/18 [05:10<02:19, 19.92s/cell]Executing:  67%|██████▋   | 12/18 [05:11<01:28, 14.78s/cell]Executing:  72%|███████▏  | 13/18 [05:12<00:54, 10.90s/cell]Executing:  78%|███████▊  | 14/18 [05:13<00:32,  8.03s/cell]Executing:  83%|████████▎ | 15/18 [05:13<00:17,  5.93s/cell]Executing:  89%|████████▉ | 16/18 [05:13<00:08,  4.24s/cell]Executing:  94%|█████████▍| 17/18 [05:14<00:03,  3.18s/cell]Executing: 100%|██████████| 18/18 [05:15<00:00,  2.48s/cell]Executing: 100%|██████████| 18/18 [05:20<00:00, 17.80s/cell]
Processing galaxy_id: g8.13e11
Running Papermill for pipeline: calc_ifu with galaxy_id: g8.13e11 at telescope: MUSE_ultraWFM
Input Notebook:  fits_file_nihao_script.ipynb
Output Notebook: fits_file_nihao_script_executed.ipynb
Passed unknown parameter: galaxy_id
Passed unknown parameter: pipeline_name
Passed unknown parameter: telescope_name
Executing:   0%|          | 0/18 [00:00<?, ?cell/s]Executing notebook with kernel: python3
Executing:   6%|▌         | 1/18 [00:01<00:20,  1.21s/cell]Executing:  28%|██▊       | 5/18 [04:22<12:04, 55.74s/cell]Executing:  39%|███▉      | 7/18 [04:36<06:51, 37.39s/cell]Executing:  44%|████▍     | 8/18 [04:37<04:55, 29.56s/cell]Executing:  44%|████▍     | 8/18 [05:44<07:10, 43.09s/cell]
Traceback (most recent call last):
  File "/home/annalena/.conda/envs/rubix/lib/python3.13/site-packages/papermill/clientwrap.py", line 72, in papermill_execute_cells
    self.execute_cell(cell, indexRunning Papermill for pipeline: calc_ifu with galaxy_id: g8.26e11 at telescope: MUSE_ultraWFM
Input Notebook:  fits_file_nihao_script.ipynb
Output Notebook: fits_file_nihao_script_executed.ipynb
Passed unknown parameter: galaxy_id
Passed unknown parameter: pipeline_name
Passed unknown parameter: telescope_name
Executing:   0%|          | 0/18 [00:00<?, ?cell/s]Executing notebook with kernel: python3
Executing:   6%|▌         | 1/18 [00:01<00:18,  1.07s/cell]Executing:  28%|██▊       | 5/18 [03:52<10:41, 49.31s/cell]Executing:  39%|███▉      | 7/18 [04:02<05:58, 32.56s/cell]Executing:  44%|████▍     | 8/18 [04:22<05:27, 32.79s/cell]
Traceback (most recent call last):
  File "/home/annalena/.conda/envs/rubix/lib/python3.13/site-packages/papermill/engines.py", line 370, in execute_notebook
    cls.execute_managed_notebook(nb_man, kernel_name, log_output=log_output, **kwargs)
    ~~~~~~~~~~~~~~~~~~~~~~~~~~~~^^^^^^^^^^^^^^^^^^^^^^^^^^^^^^^^^^^^^^^^^^^^^^^^^^^^^^
  File "/home/annalena/.conda/envs/rubix/lib/python3.13/site-packages/papermill/engines.py", line 442, in execute_managed_notebook
    return PapermillNotebookClient(nb_man, **final_kwargs).execute()
           ~~~~~~~~~~~~~~~~~~~~~~~~~~~~~~~~~~~~~~~~~~~~~~~~~~~~~~~^^
  File "/home/annalena/.conda/envs/rubix/lib/python3.13/site-packages/papermill/clientwrap.py", line 45, in execute
    self.papermill_execute_cells()
    ~~~~~~~~~~~~~~~~~~~~~~~~~~~~^^
  File "/home/annalena/.conda/envs/rubix/lib/python3.13/site-packages/papermill/clientwrap.py", line 77, in papermill_execute_cells
    self.nb_man.cell_complete(self.nb.cells[index], cell_index=index)
    ~~~~~~~~~~~~~~~~~~~~~~~~~^^^^^^^^^^^^^^^^^^^^^^^^^^^^^^^^^^^^^^^^
  File "/home/annalena/.conda/envs/rubix/lib/python3.13/site-packages/papermill/engines.py", line 76, in wrapper
    return func(self, *args, **kwargs)
  File "/home/annalena/.conda/envs/rubix/lib/python3.13/site-packages/papermill/engines.py", line 273, in cell_complete
    self.save()
    ~~~~~~~~~^^
  File "/home/annalena/.conda/envs/rubix/lib/python3.13/site-packages/papermill/engines.py", line 76, in wrapper
    return func(self, *args, **kwargs)
  File "/home/annalena/.conda/envs/rubix/lib/python3.13/site-packages/papermill/engines.py", line 152, in save
    write_ipynb(self.nb, self.output_path)
    ~~~~~~~~~~~^^^^^^^^^^^^^^^^^^^^^^^^^^^
  File "/home/annalena/.conda/envs/rubix/lib/python3.13/site-packages/papermill/iorw.py", line 486, in write_ipynb
    papermill_io.write(nbformat.writes(nb), path)
    ~~~~~~~~~~~~~~~~~~^^^^^^^^^^^^^^^^^^^^^^^^^^^
  File "/home/annalena/.conda/envs/rubix/lib/python3.13/site-packages/papermill/iorw.py", line 102, in write
    return self.get_handler(path, extensions).write(buf, path)
           ~~~~~~~~~~~~~~~~~~~~~~~~~~~~~~~~~~~~~~~~^^^^^^^^^^^
  File "/home/annalena/.conda/envs/rubix/lib/python3.13/site-packages/papermill/iorw.py", line 215, in write
    f.write(buf)
    ~~~~~~~^^^^^
OSError: [Errno 28] No space left on device

During handling of the above exception, another exception occurred:

Traceback (most recent call last):
  File "/home/annalena/.conda/envs/rubix/bin/papermill", line 8, in <module>
    sys.exit(papermill())
             ~~~~~~~~~^^
  File "/home/annalena/.conda/envs/rubix/lib/python3.13/site-packages/click/core.py", line 1161, in __call__
    return self.main(*args, **kwargs)
           ~~~~~~~~~^^^^^^^^^^^^^^^^^
  File "/home/annalena/.conda/envs/rubix/lib/python3.13/site-packages/click/core.py", line 1082, in main
    rv = self.invoke(ctx)
  File "/home/annalena/.conda/envs/rubix/lib/python3.13/site-packages/click/core.py", line 1443, in invoke
    return ctx.invoke(self.callback, **ctx.params)
           ~~~~~~~~~~^^^^^^^^^^^^^^^^^^^^^^^^^^^^^
  File "/home/annalena/.conda/envs/rubix/lib/python3.13/site-packages/click/core.py", line 788, in invoke
    return __callback(*args, **kwargs)
  File "/home/annalena/.conda/envs/rubix/lib/python3.13/site-packages/click/decorators.py", line 33, in new_func
    return f(get_current_context(), *args, **kwargs)
  File Running Papermill for pipeline: calc_ifu with galaxy_id: g1.12e12 at telescope: MUSE_ultraWFM
Input Notebook:  fits_file_nihao_script.ipynb
Output Notebook: fits_file_nihao_script_executed.ipynb
Passed unknown parameter: galaxy_id
Passed unknown parameter: pipeline_name
Passed unknown parameter: telescope_name
Executing:   0%|          | 0/18 [00:00<?, ?cell/s]Executing notebook with kernel: python3
Executing:   6%|▌         | 1/18 [00:00<00:12,  1.34cell/s]Executing:  22%|██▏       | 4/18 [00:10<00:37,  2.69s/cell]
Traceback (most recent call last):
  File "/home/annalena/.conda/envs/rubix/lib/python3.13/site-packages/papermill/engines.py", line 370, in execute_notebook
    cls.execute_managed_notebook(nb_man, kernel_name, log_output=log_output, **kwargs)
    ~~~~~~~~~~~~~~~~~~~~~~~~~~~~^^^^^^^^^^^^^^^^^^^^^^^^^^^^^^^^^^^^^^^^^^^^^^^^^^^^^^
  File "/home/annalena/.conda/envs/rubix/lib/python3.13/site-packages/papermill/engines.py", line 442, in execute_managed_notebook
    return PapermillNotebookClient(nb_man, **final_kwargs).execute()
           ~~~~~~~~~~~~~~~~~~~~~~~~~~~~~~~~~~~~~~~~~~~~~~~~~~~~~~~^^
  File "/home/annalena/.conda/envs/rubix/lib/python3.13/site-packages/papermill/clientwrap.py", line 45, in execute
    self.papermill_execute_cells()
    ~~~~~~~~~~~~~~~~~~~~~~~~~~~~^^
  File "/home/annalena/.conda/envs/rubix/lib/python3.13/site-packages/papermill/clientwrap.py", line 77, in papermill_execute_cells
    self.nb_man.cell_complete(self.nb.cells[index], cell_index=index)
    ~~~~~~~~~~~~~~~~~~~~~~~~~^^^^^^^^^^^^^^^^^^^^^^^^^^^^^^^^^^^^^^^^
  File "/home/annalena/.conda/envs/rubix/lib/python3.13/site-packages/papermill/engines.py", line 76, in wrapper
    return func(self, *args, **kwargs)
  File "/home/annalena/.conda/envs/rubix/lib/python3.13/site-packages/papermill/engines.py", line 273, in cell_complete
    self.save()
    ~~~~~~~~~^^
  File "/home/annalena/.conda/envs/rubix/lib/python3.13/site-packages/papermill/engines.py", line 76, in wrapper
    return func(self, *args, **kwargs)
  File "/home/annalena/.conda/envs/rubix/lib/python3.13/site-packages/papermill/engines.py", line 152, in save
    write_ipynb(self.nb, self.output_path)
    ~~~~~~~~~~~^^^^^^^^^^^^^^^^^^^^^^^^^^^
  File "/home/annalena/.conda/envs/rubix/lib/python3.13/site-packages/papermill/iorw.py", line 486, in write_ipynb
    papermill_io.write(nbformat.writes(nb), path)
    ~~~~~~~~~~~~~~~~~~^^^^^^^^^^^^^^^^^^^^^^^^^^^
  File "/home/annalena/.conda/envs/rubix/lib/python3.13/site-packages/papermill/iorw.py", line 102, in write
    return self.get_handler(path, extensions).write(buf, path)
           ~~~~~~~~~~~~~~~~~~~~~~~~~~~~~~~~~~~~~~~~^^^^^^^^^^^
  File "/home/annalena/.conda/envs/rubix/lib/python3.13/site-packages/papermill/iorw.py", line 215, in write
    f.write(buf)
    ~~~~~~~^^^^^
OSError: [Errno 28] No space left on device

During handling of the above exception, another exception occurred:

Traceback (most recent call last):
  File "/home/annalena/.conda/envs/rubix/bin/papermill", line 8, in <module>
    sys.exit(papermill())
             ~~~~~~~~~^^
  File "/home/annalena/.conda/envs/rubix/lib/python3.13/site-packages/click/core.py", line 1161, in __call__
    return self.main(*args, **kwargs)
           ~~~~~~~~~^^^^^^^^^^^^^^^^^
  File "/home/annalena/.conda/envs/rubix/lib/python3.13/site-packages/click/core.py", line 1082, in main
    rv = self.invoke(ctx)
  File "/home/annalena/.conda/envs/rubix/lib/python3.13/site-packages/click/core.py", line 1443, in invoke
    return ctx.invoke(self.callback, **ctx.params)
           ~~~~~~~~~~^^^^^^^^^^^^^^^^^^^^^^^^^^^^^
  File "/home/annalena/.conda/envs/rubix/lib/python3.13/site-packages/click/core.py", line 788, in invoke
    return __callback(*args, **kwargs)
  File "/home/annalena/.conda/envs/rubix/lib/python3.13/site-packages/click/decorators.py", line 33, in new_func
    return f(get_current_context(), *args, **kwargs)
  File "/home/annalena/.conda/envs/rubix/lib/python3.13/site-packages/papermill/cli.py", line 235, in papermill
    execute_notebook(
    ~~~~~~~Running Papermill for pipeline: calc_ifu with galaxy_id: g1.77e12 at telescope: MUSE_ultraWFM
Input Notebook:  fits_file_nihao_script.ipynb
Output Notebook: fits_file_nihao_script_executed.ipynb
Passed unknown parameter: galaxy_id
Passed unknown parameter: pipeline_name
Passed unknown parameter: telescope_name
Executing:   0%|          | 0/18 [00:00<?, ?cell/s]Executing notebook with kernel: python3
Executing:   6%|▌         | 1/18 [00:00<00:16,  1.04cell/s]Executing:  22%|██▏       | 4/18 [00:11<00:41,  2.99s/cell]
Traceback (most recent call last):
  File "/home/annalena/.conda/envs/rubix/lib/python3.13/site-packages/papermill/engines.py", line 370, in execute_notebook
    cls.execute_managed_notebook(nb_man, kernel_name, log_output=log_output, **kwargs)
    ~~~~~~~~~~~~~~~~~~~~~~~~~~~~^^^^^^^^^^^^^^^^^^^^^^^^^^^^^^^^^^^^^^^^^^^^^^^^^^^^^^
  File "/home/annalena/.conda/envs/rubix/lib/python3.13/site-packages/papermill/engines.py", line 442, in execute_managed_notebook
    return PapermillNotebookClient(nb_man, **final_kwargs).execute()
           ~~~~~~~~~~~~~~~~~~~~~~~~~~~~~~~~~~~~~~~~~~~~~~~~~~~~~~~^^
  File "/home/annalena/.conda/envs/rubix/lib/python3.13/site-packages/papermill/clientwrap.py", line 45, in execute
    self.papermill_execute_cells()
    ~~~~~~~~~~~~~~~~~~~~~~~~~~~~^^
  File "/home/annalena/.conda/envs/rubix/lib/python3.13/site-packages/papermill/clientwrap.py", line 77, in papermill_execute_cells
    self.nb_man.cell_complete(self.nb.cells[index], cell_index=index)
    ~~~~~~~~~~~~~~~~~~~~~~~~~^^^^^^^^^^^^^^^^^^^^^^^^^^^^^^^^^^^^^^^^
  File "/home/annalena/.conda/envs/rubix/lib/python3.13/site-packages/papermill/engines.py", line 76, in wrapper
    return func(self, *args, **kwargs)
  File "/home/annalena/.conda/envs/rubix/lib/python3.13/site-packages/papermill/engines.py", line 273, in cell_complete
    self.save()
    ~~~~~~~~~^^
  File "/home/annalena/.conda/envs/rubix/lib/python3.13/site-packages/papermill/engines.py", line 76, in wrapper
    return func(self, *args, **kwargs)
  File "/home/annalena/.conda/envs/rubix/lib/python3.13/site-packages/papermill/engines.py", line 152, in save
    write_ipynb(self.nb, self.output_path)
    ~~~~~~~~~~~^^^^^^^^^^^^^^^^^^^^^^^^^^^
  File "/home/annalena/.conda/envs/rubix/lib/python3.13/site-packages/papermill/iorw.py", line 486, in write_ipynb
    papermill_io.write(nbformat.writes(nb), path)
    ~~~~~~~~~~~~~~~~~~^^^^^^^^^^^^^^^^^^^^^^^^^^^
  File "/home/annalena/.conda/envs/rubix/lib/python3.13/site-packages/papermill/iorw.py", line 102, in write
    return self.get_handler(path, extensions).write(buf, path)
           ~~~~~~~~~~~~~~~~~~~~~~~~~~~~~~~~~~~~~~~~^^^^^^^^^^^
  File "/home/annalena/.conda/envs/rubix/lib/python3.13/site-packages/papermill/iorw.py", line 215, in write
    f.write(buf)
    ~~~~~~~^^^^^
OSError: [Errno 28] No space left on device

During handling of the above exception, another exception occurred:

Traceback (most recent call last):
  File "/home/annalena/.conda/envs/rubix/bin/papermill", line 8, in <module>
    sys.exit(papermill())
             ~~~~~~~~~^^
  File "/home/annalena/.conda/envs/rubix/lib/python3.13/site-packages/click/core.py", line 1161, in __call__
    return self.main(*args, **kwargs)
           ~~~~~~~~~^^^^^^^^^^^^^^^^^
  File "/home/annalena/.conda/envs/rubix/lib/python3.13/site-packages/click/core.py", line 1082, in main
    rv = self.invoke(ctx)
  File "/home/annalena/.conda/envs/rubix/lib/python3.13/site-packages/click/core.py", line 1443, in invoke
    return ctx.invoke(self.callback, **ctx.params)
           ~~~~~~~~~~^^^^^^^^^^^^^^^^^^^^^^^^^^^^^
  File "/home/annalena/.conda/envs/rubix/lib/python3.13/site-packages/click/core.py", line 788, in invoke
    return __callback(*args, **kwargs)
  File "/home/annalena/.conda/envs/rubix/lib/python3.13/site-packages/click/decorators.py", line 33, in new_func
    return f(get_current_context(), *args, **kwargs)
  File "/home/annalena/.conda/envs/rubix/lib/python3.13/site-packages/papermill/cli.py", line 235, in papermill
    execute_notebook(
    ~~~~~~~Running Papermill for pipeline: calc_ifu with galaxy_id: g1.92e12 at telescope: MUSE_ultraWFM
Input Notebook:  fits_file_nihao_script.ipynb
Output Notebook: fits_file_nihao_script_executed.ipynb
Passed unknown parameter: galaxy_id
Passed unknown parameter: pipeline_name
Passed unknown parameter: telescope_name
Executing:   0%|          | 0/18 [00:00<?, ?cell/s]Executing notebook with kernel: python3
Executing:   6%|▌         | 1/18 [00:00<00:16,  1.01cell/s]Executing:  22%|██▏       | 4/18 [00:11<00:41,  2.94s/cell]
Traceback (most recent call last):
  File "/home/annalena/.conda/envs/rubix/lib/python3.13/site-packages/papermill/engines.py", line 370, in execute_notebook
    cls.execute_managed_notebook(nb_man, kernel_name, log_output=log_output, **kwargs)
    ~~~~~~~~~~~~~~~~~~~~~~~~~~~~^^^^^^^^^^^^^^^^^^^^^^^^^^^^^^^^^^^^^^^^^^^^^^^^^^^^^^
  File "/home/annalena/.conda/envs/rubix/lib/python3.13/site-packages/papermill/engines.py", line 442, in execute_managed_notebook
    return PapermillNotebookClient(nb_man, **final_kwargs).execute()
           ~~~~~~~~~~~~~~~~~~~~~~~~~~~~~~~~~~~~~~~~~~~~~~~~~~~~~~~^^
  File "/home/annalena/.conda/envs/rubix/lib/python3.13/site-packages/papermill/clientwrap.py", line 45, in execute
    self.papermill_execute_cells()
    ~~~~~~~~~~~~~~~~~~~~~~~~~~~~^^
  File "/home/annalena/.conda/envs/rubix/lib/python3.13/site-packages/papermill/clientwrap.py", line 77, in papermill_execute_cells
    self.nb_man.cell_complete(self.nb.cells[index], cell_index=index)
    ~~~~~~~~~~~~~~~~~~~~~~~~~^^^^^^^^^^^^^^^^^^^^^^^^^^^^^^^^^^^^^^^^
  File "/home/annalena/.conda/envs/rubix/lib/python3.13/site-packages/papermill/engines.py", line 76, in wrapper
    return func(self, *args, **kwargs)
  File "/home/annalena/.conda/envs/rubix/lib/python3.13/site-packages/papermill/engines.py", line 273, in cell_complete
    self.save()
    ~~~~~~~~~^^
  File "/home/annalena/.conda/envs/rubix/lib/python3.13/site-packages/papermill/engines.py", line 76, in wrapper
    return func(self, *args, **kwargs)
  File "/home/annalena/.conda/envs/rubix/lib/python3.13/site-packages/papermill/engines.py", line 152, in save
    write_ipynb(self.nb, self.output_path)
    ~~~~~~~~~~~^^^^^^^^^^^^^^^^^^^^^^^^^^^
  File "/home/annalena/.conda/envs/rubix/lib/python3.13/site-packages/papermill/iorw.py", line 486, in write_ipynb
    papermill_io.write(nbformat.writes(nb), path)
    ~~~~~~~~~~~~~~~~~~^^^^^^^^^^^^^^^^^^^^^^^^^^^
  File "/home/annalena/.conda/envs/rubix/lib/python3.13/site-packages/papermill/iorw.py", line 102, in write
    return self.get_handler(path, extensions).write(buf, path)
           ~~~~~~~~~~~~~~~~~~~~~~~~~~~~~~~~~~~~~~~~^^^^^^^^^^^
  File "/home/annalena/.conda/envs/rubix/lib/python3.13/site-packages/papermill/iorw.py", line 215, in write
    f.write(buf)
    ~~~~~~~^^^^^
OSError: [Errno 28] No space left on device

During handling of the above exception, another exception occurred:

Traceback (most recent call last):
  File "/home/annalena/.conda/envs/rubix/bin/papermill", line 8, in <module>
    sys.exit(papermill())
             ~~~~~~~~~^^
  File "/home/annalena/.conda/envs/rubix/lib/python3.13/site-packages/click/core.py", line 1161, in __call__
    return self.main(*args, **kwargs)
           ~~~~~~~~~^^^^^^^^^^^^^^^^^
  File "/home/annalena/.conda/envs/rubix/lib/python3.13/site-packages/click/core.py", line 1082, in main
    rv = self.invoke(ctx)
  File "/home/annalena/.conda/envs/rubix/lib/python3.13/site-packages/click/core.py", line 1443, in invoke
    return ctx.invoke(self.callback, **ctx.params)
           ~~~~~~~~~~^^^^^^^^^^^^^^^^^^^^^^^^^^^^^
  File "/home/annalena/.conda/envs/rubix/lib/python3.13/site-packages/click/core.py", line 788, in invoke
    return __callback(*args, **kwargs)
  File "/home/annalena/.conda/envs/rubix/lib/python3.13/site-packages/click/decorators.py", line 33, in new_func
    return f(get_current_context(), *args, **kwargs)
  File "/home/annalena/.conda/envs/rubix/lib/python3.13/site-packages/papermill/cli.py", line 235, in papermill
    execute_notebook(
    ~~~~~~~Running Papermill for pipeline: calc_ifu with galaxy_id: g2.79e12 at telescope: MUSE_ultraWFM
Input Notebook:  fits_file_nihao_script.ipynb
Output Notebook: fits_file_nihao_script_executed.ipynb
Passed unknown parameter: galaxy_id
Passed unknown parameter: pipeline_name
Passed unknown parameter: telescope_name
Executing:   0%|          | 0/18 [00:00<?, ?cell/s]Executing notebook with kernel: python3
Executing:   6%|▌         | 1/18 [00:00<00:12,  1.34cell/s]Executing:  22%|██▏       | 4/18 [00:13<00:48,  3.47s/cell]
Traceback (most recent call last):
  File "/home/annalena/.conda/envs/rubix/lib/python3.13/site-packages/papermill/engines.py", line 370, in execute_notebook
    cls.execute_managed_notebook(nb_man, kernel_name, log_output=log_output, **kwargs)
    ~~~~~~~~~~~~~~~~~~~~~~~~~~~~^^^^^^^^^^^^^^^^^^^^^^^^^^^^^^^^^^^^^^^^^^^^^^^^^^^^^^
  File "/home/annalena/.conda/envs/rubix/lib/python3.13/site-packages/papermill/engines.py", line 442, in execute_managed_notebook
    return PapermillNotebookClient(nb_man, **final_kwargs).execute()
           ~~~~~~~~~~~~~~~~~~~~~~~~~~~~~~~~~~~~~~~~~~~~~~~~~~~~~~~^^
  File "/home/annalena/.conda/envs/rubix/lib/python3.13/site-packages/papermill/clientwrap.py", line 45, in execute
    self.papermill_execute_cells()
    ~~~~~~~~~~~~~~~~~~~~~~~~~~~~^^
  File "/home/annalena/.conda/envs/rubix/lib/python3.13/site-packages/papermill/clientwrap.py", line 77, in papermill_execute_cells
    self.nb_man.cell_complete(self.nb.cells[index], cell_index=index)
    ~~~~~~~~~~~~~~~~~~~~~~~~~^^^^^^^^^^^^^^^^^^^^^^^^^^^^^^^^^^^^^^^^
  File "/home/annalena/.conda/envs/rubix/lib/python3.13/site-packages/papermill/engines.py", line 76, in wrapper
    return func(self, *args, **kwargs)
  File "/home/annalena/.conda/envs/rubix/lib/python3.13/site-packages/papermill/engines.py", line 273, in cell_complete
    self.save()
    ~~~~~~~~~^^
  File "/home/annalena/.conda/envs/rubix/lib/python3.13/site-packages/papermill/engines.py", line 76, in wrapper
    return func(self, *args, **kwargs)
  File "/home/annalena/.conda/envs/rubix/lib/python3.13/site-packages/papermill/engines.py", line 152, in save
    write_ipynb(self.nb, self.output_path)
    ~~~~~~~~~~~^^^^^^^^^^^^^^^^^^^^^^^^^^^
  File "/home/annalena/.conda/envs/rubix/lib/python3.13/site-packages/papermill/iorw.py", line 486, in write_ipynb
    papermill_io.write(nbformat.writes(nb), path)
    ~~~~~~~~~~~~~~~~~~^^^^^^^^^^^^^^^^^^^^^^^^^^^
  File "/home/annalena/.conda/envs/rubix/lib/python3.13/site-packages/papermill/iorw.py", line 102, in write
    return self.get_handler(path, extensions).write(buf, path)
           ~~~~~~~~~~~~~~~~~~~~~~~~~~~~~~~~~~~~~~~~^^^^^^^^^^^
  File "/home/annalena/.conda/envs/rubix/lib/python3.13/site-packages/papermill/iorw.py", line 215, in write
    f.write(buf)
    ~~~~~~~^^^^^
OSError: [Errno 28] No space left on device

During handling of the above exception, another exception occurred:

Traceback (most recent call last):
  File "/home/annalena/.conda/envs/rubix/bin/papermill", line 8, in <module>
    sys.exit(papermill())
             ~~~~~~~~~^^
  File "/home/annalena/.conda/envs/rubix/lib/python3.13/site-packages/click/core.py", line 1161, in __call__
    return self.main(*args, **kwargs)
           ~~~~~~~~~^^^^^^^^^^^^^^^^^
  File "/home/annalena/.conda/envs/rubix/lib/python3.13/site-packages/click/core.py", line 1082, in main
    rv = self.invoke(ctx)
  File "/home/annalena/.conda/envs/rubix/lib/python3.13/site-packages/click/core.py", line 1443, in invoke
    return ctx.invoke(self.callback, **ctx.params)
           ~~~~~~~~~~^^^^^^^^^^^^^^^^^^^^^^^^^^^^^
  File "/home/annalena/.conda/envs/rubix/lib/python3.13/site-packages/click/core.py", line 788, in invoke
    return __callback(*args, **kwargs)
  File "/home/annalena/.conda/envs/rubix/lib/python3.13/site-packages/click/decorators.py", line 33, in new_func
    return f(get_current_context(), *args, **kwargs)
  File "/home/annalena/.conda/envs/rubix/lib/python3.13/site-packages/papermill/cli.py", line 235, in papermill
    execute_notebook(
    ~~~~~~~
